     [echo] 'execute.client' target has been called
     [java] Server URL : https://arcane-beach-6023.herokuapp.com/sdelab/
     [java] =============================================
     [java] Request #1: GET /person Accept: APPLICATION/XML Content-type: APPLICATION/XML
     [java]      => Result: OK
     [java]      => HTTP Status: 200
     [java]  
     [java] <people>
     [java]     <person>
     [java]         <idPerson>1</idPerson>
     [java]         <firstname>Jecky</firstname>
     [java]         <lastname>Chan</lastname>
     [java]         <birthdate>1978-09-01T22:00:00Z</birthdate>
     [java]         <healthprofile>
     [java]             <measureType>
     [java]                 <measure>weight</measure>
     [java]                 <value>72.3</value>
     [java]             </measureType>
     [java]             <measureType>
     [java]                 <measure>weight</measure>
     [java]                 <value>86</value>
     [java]             </measureType>
     [java]         </healthprofile>
     [java]     </person>
     [java]     <person>
     [java]         <idPerson>2</idPerson>
     [java]         <firstname>Chuck</firstname>
     [java]         <lastname>Norris</lastname>
     [java]         <birthdate>1978-09-01T22:00:00Z</birthdate>
     [java]         <healthprofile/>
     [java]     </person>
     [java]     <person>
     [java]         <idPerson>3</idPerson>
     [java]         <firstname>Pappo</firstname>
     [java]         <lastname>Pippo</lastname>
     [java]         <birthdate>1978-09-01T22:00:00Z</birthdate>
     [java]         <healthprofile/>
     [java]     </person>
     [java]     <person>
     [java]         <idPerson>2603</idPerson>
     [java]         <firstname>test</firstname>
     [java]         <lastname>Palleto</lastname>
     [java]         <birthdate>1979-12-11T23:00:00Z</birthdate>
     [java]         <healthprofile/>
     [java]     </person>
     [java]     <person>
     [java]         <idPerson>2653</idPerson>
     [java]         <firstname>tttt</firstname>
     [java]         <lastname>0000</lastname>
     [java]         <birthdate>1978-08-31T09:00:00Z</birthdate>
     [java]         <healthprofile/>
     [java]     </person>
     [java]     <person>
     [java]         <idPerson>2703</idPerson>
     [java]         <firstname>tttt</firstname>
     [java]         <lastname>0000</lastname>
     [java]         <birthdate>1978-08-31T09:00:00Z</birthdate>
     [java]         <healthprofile/>
     [java]     </person>
     [java]     <person>
     [java]         <idPerson>2753</idPerson>
     [java]         <firstname>tttt</firstname>
     [java]         <lastname>0000</lastname>
     [java]         <birthdate>1978-08-31T09:00:00Z</birthdate>
     [java]         <healthprofile>
     [java]             <measureType>
     [java]                 <measure>weight</measure>
     [java]                 <value>72.3</value>
     [java]             </measureType>
     [java]         </healthprofile>
     [java]     </person>
     [java]     <person>
     [java]         <idPerson>2803</idPerson>
     [java]         <firstname>tttt</firstname>
     [java]         <lastname>ppp</lastname>
     [java]         <birthdate>1978-08-31T09:00:00Z</birthdate>
     [java]         <healthprofile>
     [java]             <measureType>
     [java]                 <measure>weight</measure>
     [java]                 <value>72.3</value>
     [java]             </measureType>
     [java]         </healthprofile>
     [java]     </person>
     [java]     <person>
     [java]         <idPerson>2853</idPerson>
     [java]         <firstname>Carlo</firstname>
     [java]         <lastname>Yeah</lastname>
     [java]         <birthdate>1978-09-01T09:00:00Z</birthdate>
     [java]         <healthprofile>
     [java]             <measureType>
     [java]                 <measure>weight</measure>
     [java]                 <value>80.8</value>
     [java]             </measureType>
     [java]             <measureType>
     [java]                 <measure>height</measure>
     [java]                 <value>1.83</value>
     [java]             </measureType>
     [java]         </healthprofile>
     [java]     </person>
     [java]     <person>
     [java]         <idPerson>2903</idPerson>
     [java]         <firstname>Andrea</firstname>
     [java]         <lastname>Yeah2</lastname>
     [java]         <birthdate>1978-09-01T09:00:00Z</birthdate>
     [java]         <healthprofile>
     [java]             <measureType>
     [java]                 <measure>weight</measure>
     [java]                 <value>80.8</value>
     [java]             </measureType>
     [java]             <measureType>
     [java]                 <measure>height</measure>
     [java]                 <value>1.83</value>
     [java]             </measureType>
     [java]         </healthprofile>
     [java]     </person>
     [java]     <person>
     [java]         <idPerson>2953</idPerson>
     [java]         <firstname>Andrea2</firstname>
     [java]         <lastname>Yeah3</lastname>
     [java]         <birthdate>1978-09-01T09:00:00Z</birthdate>
     [java]         <healthprofile>
     [java]             <measureType>
     [java]                 <measure>weight</measure>
     [java]                 <value>100.8</value>
     [java]             </measureType>
     [java]             <measureType>
     [java]                 <measure>height</measure>
     [java]                 <value>1.89</value>
     [java]             </measureType>
     [java]         </healthprofile>
     [java]     </person>
     [java]     <person>
     [java]         <idPerson>2954</idPerson>
     [java]         <firstname>Andrea4</firstname>
     [java]         <lastname>Yeah4</lastname>
     [java]         <birthdate>1978-09-01T09:00:00Z</birthdate>
     [java]         <healthprofile>
     [java]             <measureType>
     [java]                 <measure>weight</measure>
     [java]                 <value>140.8</value>
     [java]             </measureType>
     [java]             <measureType>
     [java]                 <measure>height</measure>
     [java]                 <value>1.69</value>
     [java]             </measureType>
     [java]         </healthprofile>
     [java]     </person>
     [java]     <person>
     [java]         <idPerson>3003</idPerson>
     [java]         <firstname>Andrea5</firstname>
     [java]         <lastname>Yeah5</lastname>
     [java]         <birthdate>1978-09-01T09:00:00Z</birthdate>
     [java]         <healthprofile>
     [java]             <measureType>
     [java]                 <measure>weight</measure>
     [java]                 <value>124.8</value>
     [java]             </measureType>
     [java]             <measureType>
     [java]                 <measure>height</measure>
     [java]                 <value>1.59</value>
     [java]             </measureType>
     [java]         </healthprofile>
     [java]     </person>
     [java]     <person>
     [java]         <idPerson>3053</idPerson>
     [java]         <firstname>Andrea6</firstname>
     [java]         <lastname>Yeah6</lastname>
     [java]         <birthdate>1978-09-01T09:00:00Z</birthdate>
     [java]         <healthprofile>
     [java]             <measureType>
     [java]                 <measure>weight</measure>
     [java]                 <value>124.8</value>
     [java]             </measureType>
     [java]             <measureType>
     [java]                 <measure>height</measure>
     [java]                 <value>1.59</value>
     [java]             </measureType>
     [java]         </healthprofile>
     [java]     </person>
     [java]     <person>
     [java]         <idPerson>3103</idPerson>
     [java]         <firstname>Andrea7</firstname>
     [java]         <lastname>Yeah7</lastname>
     [java]         <birthdate>1978-09-01T09:00:00Z</birthdate>
     [java]         <healthprofile>
     [java]             <measureType>
     [java]                 <measure>weight</measure>
     [java]                 <value>124.8</value>
     [java]             </measureType>
     [java]         </healthprofile>
     [java]     </person>
     [java]     <person>
     [java]         <idPerson>3153</idPerson>
     [java]         <firstname>Andrea7</firstname>
     [java]         <lastname>Yeah7</lastname>
     [java]         <birthdate>1978-09-01T09:00:00Z</birthdate>
     [java]         <healthprofile>
     [java]             <measureType>
     [java]                 <measure>weight</measure>
     [java]                 <value>124.8</value>
     [java]             </measureType>
     [java]             <measureType>
     [java]                 <measure>height</measure>
     [java]                 <value>1.59</value>
     [java]             </measureType>
     [java]         </healthprofile>
     [java]     </person>
     [java]     <person>
     [java]         <idPerson>3203</idPerson>
     [java]         <firstname>Andrea10</firstname>
     [java]         <lastname>Yeah10</lastname>
     [java]         <birthdate>1978-09-01T09:00:00Z</birthdate>
     [java]         <healthprofile>
     [java]             <measureType>
     [java]                 <measure>weight</measure>
     [java]                 <value>124.8</value>
     [java]             </measureType>
     [java]             <measureType>
     [java]                 <measure>height</measure>
     [java]                 <value>1.59</value>
     [java]             </measureType>
     [java]         </healthprofile>
     [java]     </person>
     [java]     <person>
     [java]         <idPerson>3253</idPerson>
     [java]         <firstname>Andrea11</firstname>
     [java]         <lastname>Yeah11</lastname>
     [java]         <birthdate>1978-09-01T09:00:00Z</birthdate>
     [java]         <healthprofile>
     [java]             <measureType>
     [java]                 <measure>weight</measure>
     [java]                 <value>124.8</value>
     [java]             </measureType>
     [java]             <measureType>
     [java]                 <measure>height</measure>
     [java]                 <value>1.59</value>
     [java]             </measureType>
     [java]         </healthprofile>
     [java]     </person>
     [java]     <person>
     [java]         <idPerson>3303</idPerson>
     [java]         <firstname>Andrea12</firstname>
     [java]         <lastname>Yeah12</lastname>
     [java]         <birthdate>1978-09-01T09:00:00Z</birthdate>
     [java]         <healthprofile>
     [java]             <measureType>
     [java]                 <measure>weight</measure>
     [java]                 <value>124.8</value>
     [java]             </measureType>
     [java]             <measureType>
     [java]                 <measure>height</measure>
     [java]                 <value>1.59</value>
     [java]             </measureType>
     [java]         </healthprofile>
     [java]     </person>
     [java]     <person>
     [java]         <idPerson>3753</idPerson>
     [java]         <firstname>Jecky2</firstname>
     [java]         <lastname>Chan2</lastname>
     [java]         <birthdate>1978-09-01T09:00:00Z</birthdate>
     [java]         <healthprofile>
     [java]             <measureType>
     [java]                 <measure>weight</measure>
     [java]                 <value>72.3</value>
     [java]             </measureType>
     [java]             <measureType>
     [java]                 <measure>weight</measure>
     [java]                 <value>86</value>
     [java]             </measureType>
     [java]         </healthprofile>
     [java]     </person>
     [java]     <person>
     [java]         <idPerson>3803</idPerson>
     [java]         <firstname>Jecky3</firstname>
     [java]         <lastname>Chan3</lastname>
     [java]         <birthdate>1978-09-01T09:00:00Z</birthdate>
     [java]         <healthprofile>
     [java]             <measureType>
     [java]                 <measure>weight</measure>
     [java]                 <value>72.3</value>
     [java]             </measureType>
     [java]             <measureType>
     [java]                 <measure>weight</measure>
     [java]                 <value>86</value>
     [java]             </measureType>
     [java]         </healthprofile>
     [java]     </person>
     [java]     <person>
     [java]         <idPerson>3853</idPerson>
     [java]         <firstname>Jecky3</firstname>
     [java]         <lastname>Chan3</lastname>
     [java]         <birthdate>1978-09-01T09:00:00Z</birthdate>
     [java]         <healthprofile>
     [java]             <measureType>
     [java]                 <measure>weight</measure>
     [java]                 <value>72.3</value>
     [java]             </measureType>
     [java]             <measureType>
     [java]                 <measure>weight</measure>
     [java]                 <value>86</value>
     [java]             </measureType>
     [java]         </healthprofile>
     [java]     </person>
     [java]     <person>
     [java]         <idPerson>3903</idPerson>
     [java]         <firstname>Jecky3</firstname>
     [java]         <lastname>Chan3</lastname>
     [java]         <birthdate>1978-09-01T09:00:00Z</birthdate>
     [java]         <healthprofile/>
     [java]     </person>
     [java]     <person>
     [java]         <idPerson>3953</idPerson>
     [java]         <firstname>Jecky3</firstname>
     [java]         <lastname>Chan3</lastname>
     [java]         <birthdate>1978-09-01T09:00:00Z</birthdate>
     [java]         <healthprofile/>
     [java]     </person>
     [java]     <person>
     [java]         <idPerson>4003</idPerson>
     [java]         <firstname>Jecky3</firstname>
     [java]         <lastname>Chan3</lastname>
     [java]         <birthdate>1978-09-01T09:00:00Z</birthdate>
     [java]         <healthprofile>
     [java]             <measureType>
     [java]                 <measure>weight</measure>
     [java]                 <value>72.3</value>
     [java]             </measureType>
     [java]         </healthprofile>
     [java]     </person>
     [java]     <person>
     [java]         <idPerson>4053</idPerson>
     [java]         <firstname>Jecky3</firstname>
     [java]         <lastname>Chan3</lastname>
     [java]         <birthdate>1978-09-01T09:00:00Z</birthdate>
     [java]         <healthprofile>
     [java]             <measureType>
     [java]                 <measure>weight</measure>
     [java]                 <value>72.3</value>
     [java]             </measureType>
     [java]         </healthprofile>
     [java]     </person>
     [java]     <person>
     [java]         <idPerson>4103</idPerson>
     [java]         <firstname>Jecky3</firstname>
     [java]         <lastname>Chan3</lastname>
     [java]         <birthdate>1978-09-01T09:00:00Z</birthdate>
     [java]         <healthprofile>
     [java]             <measureType>
     [java]                 <measure>weight</measure>
     [java]                 <value>72.3</value>
     [java]             </measureType>
     [java]         </healthprofile>
     [java]     </person>
     [java]     <person>
     [java]         <idPerson>4153</idPerson>
     [java]         <firstname>Jecky3</firstname>
     [java]         <lastname>Chan3</lastname>
     [java]         <birthdate>1978-09-01T09:00:00Z</birthdate>
     [java]         <healthprofile/>
     [java]     </person>
     [java]     <person>
     [java]         <idPerson>4203</idPerson>
     [java]         <firstname>Jecky3</firstname>
     [java]         <lastname>Chan3</lastname>
     [java]         <birthdate>1978-09-01T09:00:00Z</birthdate>
     [java]         <healthprofile>
     [java]             <measureType>
     [java]                 <measure>weight</measure>
     [java]                 <value>72.3</value>
     [java]             </measureType>
     [java]         </healthprofile>
     [java]     </person>
     [java]     <person>
     [java]         <idPerson>4204</idPerson>
     [java]         <firstname>Jecky3</firstname>
     [java]         <lastname>Chan3</lastname>
     [java]         <birthdate>1978-09-01T09:00:00Z</birthdate>
     [java]         <healthprofile>
     [java]             <measureType>
     [java]                 <measure>weight</measure>
     [java]                 <value>72.3</value>
     [java]             </measureType>
     [java]             <measureType>
     [java]                 <measure>height</measure>
     [java]                 <value>72.3</value>
     [java]             </measureType>
     [java]         </healthprofile>
     [java]     </person>
     [java]     <person>
     [java]         <idPerson>4205</idPerson>
     [java]         <firstname>Jecky3</firstname>
     [java]         <lastname>Chan3</lastname>
     [java]         <birthdate>1978-09-01T09:00:00Z</birthdate>
     [java]         <healthprofile>
     [java]             <measureType>
     [java]                 <measure>weight</measure>
     [java]                 <value>72.3</value>
     [java]             </measureType>
     [java]             <measureType>
     [java]                 <measure>height</measure>
     [java]                 <value>72.3</value>
     [java]             </measureType>
     [java]         </healthprofile>
     [java]     </person>
     [java]     <person>
     [java]         <idPerson>4253</idPerson>
     [java]         <firstname>Jecky3</firstname>
     [java]         <lastname>Chan3</lastname>
     [java]         <birthdate>1978-09-01T09:00:00Z</birthdate>
     [java]         <healthprofile>
     [java]             <measureType>
     [java]                 <measure>weight</measure>
     [java]                 <value>72.3</value>
     [java]             </measureType>
     [java]             <measureType>
     [java]                 <measure>height</measure>
     [java]                 <value>72.3</value>
     [java]             </measureType>
     [java]         </healthprofile>
     [java]     </person>
     [java]     <person>
     [java]         <idPerson>4254</idPerson>
     [java]         <firstname>Jecky3</firstname>
     [java]         <lastname>Chan3</lastname>
     [java]         <birthdate>1978-09-01T09:00:00Z</birthdate>
     [java]         <healthprofile>
     [java]             <measureType>
     [java]                 <measure>weight</measure>
     [java]                 <value>72.3</value>
     [java]             </measureType>
     [java]         </healthprofile>
     [java]     </person>
     [java]     <person>
     [java]         <idPerson>4303</idPerson>
     [java]         <firstname>Jecky3</firstname>
     [java]         <lastname>Chan3</lastname>
     [java]         <birthdate>1978-09-01T09:00:00Z</birthdate>
     [java]         <healthprofile/>
     [java]     </person>
     [java]     <person>
     [java]         <idPerson>4304</idPerson>
     [java]         <firstname>Jecky3</firstname>
     [java]         <lastname>Chan3</lastname>
     [java]         <birthdate>1978-09-01T09:00:00Z</birthdate>
     [java]         <healthprofile/>
     [java]     </person>
     [java]     <person>
     [java]         <idPerson>4305</idPerson>
     [java]         <firstname>Jecky3</firstname>
     [java]         <lastname>Chan3</lastname>
     [java]         <birthdate>1978-09-01T09:00:00Z</birthdate>
     [java]         <healthprofile/>
     [java]     </person>
     [java]     <person>
     [java]         <idPerson>4306</idPerson>
     [java]         <firstname>Jecky3</firstname>
     [java]         <lastname>Chan3</lastname>
     [java]         <birthdate>1978-09-01T09:00:00Z</birthdate>
     [java]         <healthprofile/>
     [java]     </person>
     [java]     <person>
     [java]         <idPerson>4353</idPerson>
     [java]         <firstname>Jecky3</firstname>
     [java]         <lastname>Chan3</lastname>
     [java]         <birthdate>1978-09-01T09:00:00Z</birthdate>
     [java]         <healthprofile>
     [java]             <measureType>
     [java]                 <measure>weight</measure>
     [java]                 <value>72.3</value>
     [java]             </measureType>
     [java]         </healthprofile>
     [java]     </person>
     [java]     <person>
     [java]         <idPerson>4403</idPerson>
     [java]         <firstname>Jecky3</firstname>
     [java]         <lastname>Chan3</lastname>
     [java]         <birthdate>1978-09-01T09:00:00Z</birthdate>
     [java]         <healthprofile>
     [java]             <measureType>
     [java]                 <measure>weight</measure>
     [java]                 <value>72.3</value>
     [java]             </measureType>
     [java]         </healthprofile>
     [java]     </person>
     [java]     <person>
     [java]         <idPerson>4404</idPerson>
     [java]         <firstname>Jecky3</firstname>
     [java]         <lastname>Chan3</lastname>
     [java]         <birthdate>1978-09-01T09:00:00Z</birthdate>
     [java]         <healthprofile>
     [java]             <measureType>
     [java]                 <measure>weight</measure>
     [java]                 <value>72.3</value>
     [java]             </measureType>
     [java]         </healthprofile>
     [java]     </person>
     [java]     <person>
     [java]         <idPerson>4503</idPerson>
     [java]         <firstname>Jecky6</firstname>
     [java]         <lastname>Chan6</lastname>
     [java]         <birthdate>1978-09-01T09:00:00Z</birthdate>
     [java]         <healthprofile>
     [java]             <measureType>
     [java]                 <measure>weight</measure>
     [java]                 <value>72.3</value>
     [java]             </measureType>
     [java]             <measureType>
     [java]                 <measure>height</measure>
     [java]                 <value>172.3</value>
     [java]             </measureType>
     [java]         </healthprofile>
     [java]     </person>
     [java]     <person>
     [java]         <idPerson>4504</idPerson>
     [java]         <firstname>Jecky6</firstname>
     [java]         <lastname>Chan6</lastname>
     [java]         <birthdate>1978-09-01T09:00:00Z</birthdate>
     [java]         <healthprofile>
     [java]             <measureType>
     [java]                 <measure>weight</measure>
     [java]                 <value>72.3</value>
     [java]             </measureType>
     [java]             <measureType>
     [java]                 <measure>height</measure>
     [java]                 <value>172.3</value>
     [java]             </measureType>
     [java]         </healthprofile>
     [java]     </person>
     [java]     <person>
     [java]         <idPerson>4553</idPerson>
     [java]         <firstname>Jecky10</firstname>
     [java]         <lastname>Chan10</lastname>
     [java]         <birthdate>1978-09-01T09:00:00Z</birthdate>
     [java]         <healthprofile>
     [java]             <measureType>
     [java]                 <measure>weight</measure>
     [java]                 <value>100.1</value>
     [java]             </measureType>
     [java]             <measureType>
     [java]                 <measure>height</measure>
     [java]                 <value>189.1</value>
     [java]             </measureType>
     [java]         </healthprofile>
     [java]     </person>
     [java]     <person>
     [java]         <idPerson>4603</idPerson>
     [java]         <firstname>Jecky10</firstname>
     [java]         <lastname>Chan10</lastname>
     [java]         <birthdate>1988-09-01T08:00:00Z</birthdate>
     [java]         <healthprofile>
     [java]             <measureType>
     [java]                 <measure>weight</measure>
     [java]                 <value>80.1</value>
     [java]             </measureType>
     [java]             <measureType>
     [java]                 <measure>height</measure>
     [java]                 <value>187.1</value>
     [java]             </measureType>
     [java]         </healthprofile>
     [java]     </person>
     [java] </people>
     [java] 
